Сборка начата 03.11.2016 19:37:16.
     1>Проект "D:\[PROG]\[Graphics]\template_task3_2016_v1\template_task3_2016_v1.vcxproj" в узле 2 (целевые объекты Build).
     1>ClCompile:
         C:\Program Files (x86)\Microsoft Visual Studio 12.0\VC\bin\CL.exe /c /Zi /nologo /W3 /WX- /O2 /Oi /Oy- /GL /D WIN32 /D NDEBUG /D _CONSOLE /D _LIB /D _UNICODE /D UNICODE /Gm- /EHsc /MD /GS /Gy /fp:precise /Zc:wchar_t /Zc:forScope /Fo"Release\\" /Fd"Release\vc120.pdb" /Gd /TP /analyze- /errorReport:prompt main.cpp
         main.cpp
     1>main.cpp(125): warning C4305: аргумент: усечение из "double" к "const float"
     1>main.cpp(127): warning C4305: аргумент: усечение из "double" к "const float"
     1>main.cpp(129): warning C4305: аргумент: усечение из "double" к "const float"
     1>main.cpp(131): warning C4305: аргумент: усечение из "double" к "const float"
     1>main.cpp(189): warning C4244: аргумент: преобразование "double" в "const float", возможна потеря данных
     1>main.cpp(279): warning C4305: аргумент: усечение из "double" к "const float"
     1>main.cpp(280): warning C4305: аргумент: усечение из "double" к "const float"
       Link:
         C:\Program Files (x86)\Microsoft Visual Studio 12.0\VC\bin\link.exe /ERRORREPORT:PROMPT /OUT:"D:\[PROG]\[Graphics]\template_task3_2016_v1\Release\main.exe" /INCREMENTAL:NO /NOLOGO freeglut.lib glew32.lib kernel32.lib user32.lib gdi32.lib winspool.lib comdlg32.lib advapi32.lib shell32.lib ole32.lib oleaut32.lib uuid.lib odbc32.lib odbccp32.lib /MANIFEST /MANIFESTUAC:"level='asInvoker' uiAccess='false'" /manifest:embed /DEBUG /PDB:"D:\[PROG]\[Graphics]\template_task3_2016_v1\Release\main.pdb" /SUBSYSTEM:CONSOLE /OPT:REF /OPT:ICF /LTCG /TLBID:1 /DYNAMICBASE /NXCOMPAT /IMPLIB:"D:\[PROG]\[Graphics]\template_task3_2016_v1\Release\main.lib" /MACHINE:X86 /SAFESEH Release\main.obj
         "D:\[PROG]\[Graphics]\template_task3_2016_v1\Release\Utility.lib"
         Создание кода
         Создание кода завершено
         template_task3_2016_v1.vcxproj -> D:\[PROG]\[Graphics]\template_task3_2016_v1\Release\main.exe
     1>Сборка проекта "D:\[PROG]\[Graphics]\template_task3_2016_v1\template_task3_2016_v1.vcxproj" завершена (целевые объекты Build).

Сборка успешно завершена.

Затраченное время: 00:00:01.46
