Сборка начата 03.11.2016 18:53:34.
     1>Проект "D:\[PROG]\[Graphics]\template_task3_2016\Simple OpenGL Image Library\projects\VC9\SOIL.vcxproj" в узле 2 (целевые объекты Build).
     1>ClCompile:
         C:\Program Files (x86)\Microsoft Visual Studio 12.0\VC\bin\CL.exe /c /Zi /nologo /W3 /WX- /O2 /Oy- /GL /D WIN32 /D NDEBUG /D _LIB /D _UNICODE /D UNICODE /Gm- /EHsc /MD /GS /fp:precise /Zc:wchar_t /Zc:forScope /Fo"Release\\" /Fd"Release\vc120.pdb" /Gd /TC /analyze- /errorReport:prompt ..\..\src\image_DXT.c ..\..\src\image_helper.c ..\..\src\SOIL.c ..\..\src\stb_image_aug.c
         image_DXT.c
     1>..\..\src\image_DXT.c(92): warning C4996: 'fopen': This function or variable may be unsafe. Consider using fopen_s instead. To disable deprecation, use _CRT_SECURE_NO_WARNINGS. See online help for details.
                 C:\Program Files (x86)\Microsoft Visual Studio 12.0\VC\include\stdio.h(211): см. объявление "fopen"
         image_helper.c
     1>..\..\src\image_helper.c(325): warning C4244: инициализация: преобразование "double" в "float", возможна потеря данных
     1>..\..\src\image_helper.c(366): warning C4244: =: преобразование "double" в "float", возможна потеря данных
     1>..\..\src\image_helper.c(373): warning C4244: =: преобразование "float" в "int", возможна потеря данных
     1>..\..\src\image_helper.c(415): warning C4244: =: преобразование "double" в "float", возможна потеря данных
     1>..\..\src\image_helper.c(422): warning C4244: =: преобразование "float" в "int", возможна потеря данных
         SOIL.c
     1>..\..\src\SOIL.c(1719): warning C4018: <=: несоответствие типов со знаком и без знака
     1>..\..\src\SOIL.c(1729): warning C4018: <: несоответствие типов со знаком и без знака
     1>..\..\src\SOIL.c(1841): warning C4996: 'fopen': This function or variable may be unsafe. Consider using fopen_s instead. To disable deprecation, use _CRT_SECURE_NO_WARNINGS. See online help for details.
                 C:\Program Files (x86)\Microsoft Visual Studio 12.0\VC\include\stdio.h(211): см. объявление "fopen"
         stb_image_aug.c
     1>..\..\src\stb_image_aug.c(177): warning C4996: 'fopen': This function or variable may be unsafe. Consider using fopen_s instead. To disable deprecation, use _CRT_SECURE_NO_WARNINGS. See online help for details.
                 C:\Program Files (x86)\Microsoft Visual Studio 12.0\VC\include\stdio.h(211): см. объявление "fopen"
     1>..\..\src\stb_image_aug.c(251): warning C4996: 'fopen': This function or variable may be unsafe. Consider using fopen_s instead. To disable deprecation, use _CRT_SECURE_NO_WARNINGS. See online help for details.
                 C:\Program Files (x86)\Microsoft Visual Studio 12.0\VC\include\stdio.h(211): см. объявление "fopen"
     1>..\..\src\stb_image_aug.c(303): warning C4996: 'fopen': This function or variable may be unsafe. Consider using fopen_s instead. To disable deprecation, use _CRT_SECURE_NO_WARNINGS. See online help for details.
                 C:\Program Files (x86)\Microsoft Visual Studio 12.0\VC\include\stdio.h(211): см. объявление "fopen"
     1>..\..\src\stb_image_aug.c(1557): warning C4996: 'fopen': This function or variable may be unsafe. Consider using fopen_s instead. To disable deprecation, use _CRT_SECURE_NO_WARNINGS. See online help for details.
                 C:\Program Files (x86)\Microsoft Visual Studio 12.0\VC\include\stdio.h(211): см. объявление "fopen"
     1>..\..\src\stb_image_aug.c(2394): warning C4996: 'fopen': This function or variable may be unsafe. Consider using fopen_s instead. To disable deprecation, use _CRT_SECURE_NO_WARNINGS. See online help for details.
                 C:\Program Files (x86)\Microsoft Visual Studio 12.0\VC\include\stdio.h(211): см. объявление "fopen"
     1>..\..\src\stb_image_aug.c(2709): warning C4996: 'fopen': This function or variable may be unsafe. Consider using fopen_s instead. To disable deprecation, use _CRT_SECURE_NO_WARNINGS. See online help for details.
                 C:\Program Files (x86)\Microsoft Visual Studio 12.0\VC\include\stdio.h(211): см. объявление "fopen"
     1>..\..\src\stb_image_aug.c(2995): warning C4996: 'fopen': This function or variable may be unsafe. Consider using fopen_s instead. To disable deprecation, use _CRT_SECURE_NO_WARNINGS. See online help for details.
                 C:\Program Files (x86)\Microsoft Visual Studio 12.0\VC\include\stdio.h(211): см. объявление "fopen"
     1>..\..\src\stb_image_aug.c(3209): warning C4996: 'fopen': This function or variable may be unsafe. Consider using fopen_s instead. To disable deprecation, use _CRT_SECURE_NO_WARNINGS. See online help for details.
                 C:\Program Files (x86)\Microsoft Visual Studio 12.0\VC\include\stdio.h(211): см. объявление "fopen"
     1>..\..\src\stb_image_aug.c(3548): warning C4996: 'fopen': This function or variable may be unsafe. Consider using fopen_s instead. To disable deprecation, use _CRT_SECURE_NO_WARNINGS. See online help for details.
                 C:\Program Files (x86)\Microsoft Visual Studio 12.0\VC\include\stdio.h(211): см. объявление "fopen"
     1>..\..\src\stb_image_aug.c(3644): warning C4996: 'fopen': This function or variable may be unsafe. Consider using fopen_s instead. To disable deprecation, use _CRT_SECURE_NO_WARNINGS. See online help for details.
                 C:\Program Files (x86)\Microsoft Visual Studio 12.0\VC\include\stdio.h(211): см. объявление "fopen"
     1>d:\[prog]\[graphics]\template_task3_2016\simple opengl image library\src\stbi_DDS_aug_c.h(362): warning C4018: >: несоответствие типов со знаком и без знака
     1>d:\[prog]\[graphics]\template_task3_2016\simple opengl image library\src\stbi_DDS_aug_c.h(366): warning C4018: >: несоответствие типов со знаком и без знака
     1>d:\[prog]\[graphics]\template_task3_2016\simple opengl image library\src\stbi_DDS_aug_c.h(390): warning C4018: <: несоответствие типов со знаком и без знака
     1>d:\[prog]\[graphics]\template_task3_2016\simple opengl image library\src\stbi_DDS_aug_c.h(427): warning C4018: <: несоответствие типов со знаком и без знака
     1>d:\[prog]\[graphics]\template_task3_2016\simple opengl image library\src\stbi_DDS_aug_c.h(498): warning C4996: 'fopen': This function or variable may be unsafe. Consider using fopen_s instead. To disable deprecation, use _CRT_SECURE_NO_WARNINGS. See online help for details.
                 C:\Program Files (x86)\Microsoft Visual Studio 12.0\VC\include\stdio.h(211): см. объявление "fopen"
       Lib:
         C:\Program Files (x86)\Microsoft Visual Studio 12.0\VC\bin\Lib.exe /OUT:"D:\[PROG]\[Graphics]\template_task3_2016\Simple OpenGL Image Library\projects\VC9\Release\SOIL.lib" /NOLOGO /LTCG Release\image_DXT.obj
         Release\image_helper.obj
         Release\SOIL.obj
         Release\stb_image_aug.obj
         SOIL.vcxproj -> D:\[PROG]\[Graphics]\template_task3_2016\Simple OpenGL Image Library\projects\VC9\Release\SOIL.lib
     1>Сборка проекта "D:\[PROG]\[Graphics]\template_task3_2016\Simple OpenGL Image Library\projects\VC9\SOIL.vcxproj" завершена (целевые объекты Build).

Сборка успешно завершена.

Затраченное время: 00:00:00.65
